<?xml version="1.0" encoding="UTF-8"?>
<robot generator="Robot 7.0 (Python 3.8.10 on linux)" generated="2024-04-25T18:31:44.139775" rpa="false" schemaversion="5">
<suite id="s1" name="lumate2Test" source="/home/ridham/PycharmProjects/LUMATE-AUTOMATION_POC/TestCases/lumate2Test.robot">
<kw name="Run Keywords" owner="BuiltIn" type="SETUP">
<kw name="Open PMS url on browser" owner="lumate2Resource">
<kw name="Open Browser" owner="SeleniumLibrary">
<msg time="2024-04-25T18:31:44.269396" level="INFO">Opening browser 'chrome' to base url 'https://qa-lumacare.lumatehealth.com/#/authentication/login'.</msg>
<arg>url=${P_PORTAL_URL}</arg>
<arg>browser=${Browser}</arg>
<doc>Opens a new browser instance to the optional ``url``.</doc>
<status status="PASS" start="2024-04-25T18:31:44.269093" elapsed="11.410149"/>
</kw>
<kw name="Maximize Browser Window" owner="SeleniumLibrary">
<doc>Maximizes current browser window.</doc>
<status status="PASS" start="2024-04-25T18:31:55.680005" elapsed="0.002449"/>
</kw>
<kw name="Wait Until Element Is Visible" owner="SeleniumLibrary">
<arg>${LOGIN_PAGE_P_PORTAL}</arg>
<arg>15s</arg>
<doc>Waits until the element ``locator`` is visible.</doc>
<status status="PASS" start="2024-04-25T18:31:55.682868" elapsed="1.233870"/>
</kw>
<status status="PASS" start="2024-04-25T18:31:44.268800" elapsed="12.648180"/>
</kw>
<kw name="Fill the credentials and login" owner="lumate2Resource">
<kw name="Input Text" owner="SeleniumLibrary">
<msg time="2024-04-25T18:31:56.918215" level="INFO">Typing text 'robert.grigsby' into text field 'xpath://*[@id="ion-input-0"]'.</msg>
<arg>${USERNAME_PATH_P_PORTAL}</arg>
<arg>${USERNAME_P_PORTAL}</arg>
<doc>Types the given ``text`` into the text field identified by ``locator``.</doc>
<status status="PASS" start="2024-04-25T18:31:56.917879" elapsed="0.286139"/>
</kw>
<kw name="Input Text" owner="SeleniumLibrary">
<msg time="2024-04-25T18:31:57.206169" level="INFO">Typing text 'Test1234!' into text field 'xpath://*[@id="ion-input-1"]'.</msg>
<arg>${PASSWORD_PATH_P_PORTAL}</arg>
<arg>${PASSWORD_P_PORTAL}</arg>
<doc>Types the given ``text`` into the text field identified by ``locator``.</doc>
<status status="PASS" start="2024-04-25T18:31:57.205148" elapsed="0.167714"/>
</kw>
<kw name="Click Element" owner="SeleniumLibrary">
<msg time="2024-04-25T18:31:57.373643" level="INFO">Clicking element 'xpath://*[@class="form-check-input"]'.</msg>
<arg>${REMEMBER_ME}</arg>
<doc>Click the element identified by ``locator``.</doc>
<status status="PASS" start="2024-04-25T18:31:57.373275" elapsed="0.055553"/>
</kw>
<kw name="Wait Until Element Is Visible" owner="SeleniumLibrary">
<arg>${LOGIN_BTN}</arg>
<doc>Waits until the element ``locator`` is visible.</doc>
<status status="PASS" start="2024-04-25T18:31:57.429165" elapsed="0.027125"/>
</kw>
<kw name="Click Element" owner="SeleniumLibrary">
<msg time="2024-04-25T18:31:57.456911" level="INFO">Clicking element 'xpath://*[@class="btn-primary font-20 fw-bold b-r-50 he-68 w-100 overflow-hidden md button button-solid ion-activatable ion-focusable hydrated"]'.</msg>
<arg>${LOGIN_BTN}</arg>
<doc>Click the element identified by ``locator``.</doc>
<status status="PASS" start="2024-04-25T18:31:57.456605" elapsed="0.042303"/>
</kw>
<status status="PASS" start="2024-04-25T18:31:56.917447" elapsed="0.581652"/>
</kw>
<kw name="Enetr OTP and Submit it" owner="lumate2Resource">
<kw name="Submit 2FA Page Using Email OTP" owner="lumate2Resource">
<kw name="Open Mailbox" owner="ImapLibrary2">
<arg>host=${EMAIL_SERVER}</arg>
<arg>user=${EMAIL_USERNAME}</arg>
<arg>password=${EMAIL_PASSWORD}</arg>
<doc>Open IMAP email client session to given ``host`` with given ``user`` and ``password``.</doc>
<status status="PASS" start="2024-04-25T18:31:57.500737" elapsed="1.240293"/>
</kw>
<kw name="Wait For Email" owner="ImapLibrary2">
<msg time="2024-04-25T18:31:59.335716" level="INFO">${email_index} = 1940</msg>
<var>${email_index}</var>
<arg>sender=${SENDER_USERNAME}</arg>
<arg>status=UNSEEN</arg>
<arg>timeout=300</arg>
<doc>Wait for email message to arrived base on any given filter criteria.
Returns email index of the latest email message received.</doc>
<status status="PASS" start="2024-04-25T18:31:58.741727" elapsed="0.594039"/>
</kw>
<kw name="Get Email Body" owner="ImapLibrary2">
<msg time="2024-04-25T18:31:59.763741" level="INFO">${email_body} = &lt;html xmlns="http://www.w3.org/1999/xhtml" xmlns:o="urn:schemas-microsoft-com:office:office" xmlns:v="urn:schemas-microsoft-com:vml" lang="en"&gt;&lt;head&gt;
&lt;meta http-equiv="Content-Type" content="text/htm...</msg>
<var>${email_body}</var>
<arg>${email_index}</arg>
<doc>Returns the decoded email body on multipart email message,
otherwise returns the body text.</doc>
<status status="PASS" start="2024-04-25T18:31:59.335979" elapsed="0.428102"/>
</kw>
<kw name="Get Regexp Matches" owner="String">
<msg time="2024-04-25T18:31:59.768633" level="INFO">${otp} = ['353454', '000000', '353454', '646949', '353454', '353454', '000000', '353454', '353454', '353454', '353454', '353454', '353454', '353454', '353454', '353454', '353454']</msg>
<var>${otp}</var>
<arg>${email_body}</arg>
<arg>\\b\\d{${OtpLength}}\\b</arg>
<doc>Returns a list of all non-overlapping matches in the given string.</doc>
<status status="PASS" start="2024-04-25T18:31:59.765003" elapsed="0.003768"/>
</kw>
<kw name="Delete Email" owner="ImapLibrary2">
<arg>${email_index}</arg>
<doc>Delete email on given ``email_index``.</doc>
<status status="PASS" start="2024-04-25T18:31:59.769409" elapsed="0.701983"/>
</kw>
<kw name="Log" owner="BuiltIn">
<msg time="2024-04-25T18:32:00.473046" level="INFO">OTP received: ['353454', '000000', '353454', '646949', '353454', '353454', '000000', '353454', '353454', '353454', '353454', '353454', '353454', '353454', '353454', '353454', '353454']</msg>
<arg>OTP received: ${otp}</arg>
<doc>Logs the given message with the given level.</doc>
<status status="PASS" start="2024-04-25T18:32:00.472208" elapsed="0.001083"/>
</kw>
<return>
<value>${otp}[3]</value>
<status status="PASS" start="2024-04-25T18:32:00.473644" elapsed="0.000326"/>
</return>
<msg time="2024-04-25T18:32:00.474711" level="INFO">${otp} = 646949</msg>
<var>${otp}</var>
<arg>6</arg>
<status status="PASS" start="2024-04-25T18:31:57.500282" elapsed="2.974590"/>
</kw>
<kw name="Copy To Clipboard" owner="CustomKeywords">
<arg>${otp}</arg>
<status status="PASS" start="2024-04-25T18:32:00.475704" elapsed="0.023659"/>
</kw>
<kw name="Wait Until Element Is Enabled" owner="SeleniumLibrary">
<arg>${OTP_P_PORTAL}</arg>
<arg>${TIMEOUT}</arg>
<doc>Waits until the element ``locator`` is enabled.</doc>
<status status="PASS" start="2024-04-25T18:32:00.503948" elapsed="0.826131"/>
</kw>
<kw name="Press Keys" owner="SeleniumLibrary">
<msg time="2024-04-25T18:32:01.330852" level="INFO">Sending key(s) ('CTRL+V',) to xpath://*[@class="ng-otp-input-wrapper wrapper ng-star-inserted"] element.</msg>
<msg time="2024-04-25T18:32:01.340987" level="INFO">Pressing special key CONTROL down.</msg>
<msg time="2024-04-25T18:32:01.341089" level="INFO">Sending key V</msg>
<msg time="2024-04-25T18:32:01.341175" level="INFO">Releasing special key CONTROL.</msg>
<arg>${OTP_P_PORTAL}</arg>
<arg>CTRL+V</arg>
<doc>Simulates the user pressing key(s) to an element or on the active browser.</doc>
<status status="PASS" start="2024-04-25T18:32:01.330426" elapsed="0.303115"/>
</kw>
<kw name="Click Element" owner="SeleniumLibrary">
<msg time="2024-04-25T18:32:01.634203" level="INFO">Clicking element 'xpath://*[@class="btn-primary font-20 fw-bold b-r-50 he-68 w-100 overflow-hidden md button button-solid ion-activatable ion-focusable hydrated"]'.</msg>
<arg>${VALIDATE_OTP}</arg>
<doc>Click the element identified by ``locator``.</doc>
<status status="PASS" start="2024-04-25T18:32:01.633894" elapsed="0.044575"/>
</kw>
<kw name="Sleep" owner="BuiltIn">
<msg time="2024-04-25T18:32:11.679388" level="INFO">Slept 10 seconds.</msg>
<arg>10s</arg>
<doc>Pauses the test executed for the given time.</doc>
<status status="PASS" start="2024-04-25T18:32:01.678832" elapsed="10.000970"/>
</kw>
<kw name="Click Element" owner="SeleniumLibrary">
<msg time="2024-04-25T18:32:11.681915" level="INFO">Clicking element 'xpath://*[@class="overflow-y-auto"]'.</msg>
<arg>${SELECT_DEPENDENT}</arg>
<doc>Click the element identified by ``locator``.</doc>
<status status="PASS" start="2024-04-25T18:32:11.680776" elapsed="0.234059"/>
</kw>
<kw name="Sleep" owner="BuiltIn">
<msg time="2024-04-25T18:32:21.915655" level="INFO">Slept 10 seconds.</msg>
<arg>10s</arg>
<doc>Pauses the test executed for the given time.</doc>
<status status="PASS" start="2024-04-25T18:32:11.915143" elapsed="10.000898"/>
</kw>
<kw name="Click Element" owner="SeleniumLibrary">
<msg time="2024-04-25T18:32:21.917589" level="INFO">Clicking element 'xpath://*[@class="font-20 bg-danger text-white lh-26 m-0 text-center fw-bold b-r-50 he-57 w-100 max-wi-680 overflow-hidden he-50 font-16"]'.</msg>
<arg>${SKIP}</arg>
<doc>Click the element identified by ``locator``.</doc>
<status status="PASS" start="2024-04-25T18:32:21.916809" elapsed="0.210293"/>
</kw>
<status status="PASS" start="2024-04-25T18:31:57.499802" elapsed="24.627589"/>
</kw>
<arg>Open PMS Url On Browser</arg>
<arg>Fill the credentials and login</arg>
<arg>Enetr OTP and Submit it</arg>
<doc>Executes all the given keywords in a sequence.</doc>
<status status="PASS" start="2024-04-25T18:31:44.268325" elapsed="37.859242"/>
</kw>
<test id="s1-t1" name="Bill payment" line="26">
<kw name="Sleep" owner="BuiltIn">
<msg time="2024-04-25T18:32:27.129421" level="INFO">Slept 5 seconds.</msg>
<arg>5s</arg>
<doc>Pauses the test executed for the given time.</doc>
<status status="PASS" start="2024-04-25T18:32:22.128790" elapsed="5.001212"/>
</kw>
<kw name="Payment Of Clinician1" owner="lumate2Resource">
<kw name="Sleep" owner="BuiltIn">
<msg time="2024-04-25T18:32:37.138369" level="INFO">Slept 10 seconds.</msg>
<arg>10s</arg>
<doc>Pauses the test executed for the given time.</doc>
<status status="PASS" start="2024-04-25T18:32:27.136803" elapsed="10.001978"/>
</kw>
<kw name="Click Element" owner="SeleniumLibrary">
<msg time="2024-04-25T18:32:37.140463" level="INFO">Clicking element 'xpath://*[@class="he-50 d-flex align-items-center cursor-pointer b-r-20 ng-star-inserted"][2]'.</msg>
<arg>${BILLING_SECTION}</arg>
<doc>Click the element identified by ``locator``.</doc>
<status status="PASS" start="2024-04-25T18:32:37.139665" elapsed="0.212630"/>
</kw>
<kw name="Wait Until Element Is Visible" owner="SeleniumLibrary">
<arg>${BILLING_PAGE}</arg>
<arg>${TIMEOUT}</arg>
<doc>Waits until the element ``locator`` is visible.</doc>
<status status="PASS" start="2024-04-25T18:32:37.352741" elapsed="0.033923"/>
</kw>
<kw name="Wait Until the Update Icon Disappear" owner="lumate2Resource">
<kw name="Sleep" owner="BuiltIn">
<msg time="2024-04-25T18:32:57.387839" level="INFO">Slept 20 seconds.</msg>
<arg>20s</arg>
<doc>Pauses the test executed for the given time.</doc>
<status status="PASS" start="2024-04-25T18:32:37.387506" elapsed="20.000493"/>
</kw>
<kw name="Wait Until Element Is Not Visible" owner="SeleniumLibrary">
<arg>${UpdateIcon}</arg>
<arg>${TIMEOUT}</arg>
<doc>Waits until the element ``locator`` is not visible.</doc>
<status status="PASS" start="2024-04-25T18:32:57.388324" elapsed="0.014141"/>
</kw>
<status status="PASS" start="2024-04-25T18:32:37.387042" elapsed="20.015637"/>
</kw>
<kw name="Click Button" owner="SeleniumLibrary">
<msg time="2024-04-25T18:32:57.403278" level="INFO">Clicking button 'xpath:/html/body/app-root/ion-app/ion-router-outlet/app-main/app-billing/div/mat-tab-group/div/mat-tab-body[1]/div/app-statements/div[3]/app-billing-card[1]/div/div[5]/button[2]'.</msg>
<arg>${PAY1}</arg>
<doc>Clicks the button identified by ``locator``.</doc>
<status status="PASS" start="2024-04-25T18:32:57.402953" elapsed="0.085614"/>
</kw>
<kw name="Wait Until Element Is Visible" owner="SeleniumLibrary">
<arg>${PAYMENT_POPUP}</arg>
<doc>Waits until the element ``locator`` is visible.</doc>
<status status="PASS" start="2024-04-25T18:32:57.488979" elapsed="1.352528"/>
</kw>
<kw name="Wait Until the Update Icon Disappear" owner="lumate2Resource">
<kw name="Sleep" owner="BuiltIn">
<msg time="2024-04-25T18:33:18.842815" level="INFO">Slept 20 seconds.</msg>
<arg>20s</arg>
<doc>Pauses the test executed for the given time.</doc>
<status status="PASS" start="2024-04-25T18:32:58.842317" elapsed="20.000930"/>
</kw>
<kw name="Wait Until Element Is Not Visible" owner="SeleniumLibrary">
<arg>${UpdateIcon}</arg>
<arg>${TIMEOUT}</arg>
<doc>Waits until the element ``locator`` is not visible.</doc>
<status status="PASS" start="2024-04-25T18:33:18.844086" elapsed="0.029960"/>
</kw>
<status status="PASS" start="2024-04-25T18:32:58.841868" elapsed="20.032486"/>
</kw>
<kw name="Click Element" owner="SeleniumLibrary">
<msg time="2024-04-25T18:33:18.875317" level="INFO">Clicking element 'xpath://*[@class="mdc-checkbox__native-control"]'.</msg>
<arg>${ADD_NEW_CARD}</arg>
<doc>Click the element identified by ``locator``.</doc>
<status status="PASS" start="2024-04-25T18:33:18.874809" elapsed="0.169291"/>
</kw>
<kw name="Wait Until Element Is Visible" owner="SeleniumLibrary">
<kw name="Capture Page Screenshot" owner="SeleniumLibrary">
<msg time="2024-04-25T18:34:19.307945" level="INFO" html="true">&lt;/td&gt;&lt;/tr&gt;&lt;tr&gt;&lt;td colspan="3"&gt;&lt;a href="selenium-screenshot-5.png"&gt;&lt;img src="selenium-screenshot-5.png" width="800px"&gt;&lt;/a&gt;</msg>
<doc>Takes a screenshot of the current page and embeds it into a log file.</doc>
<status status="PASS" start="2024-04-25T18:34:19.185317" elapsed="0.122816"/>
</kw>
<msg time="2024-04-25T18:34:19.308470" level="FAIL">Element 'xpath://input[@class="InputElement is-empty Input Input--empty" and @autocomplete="cc-number" and @autocorrect="off" and @spellcheck="false" and @type="text" and @name="cardnumber" and @data-elements-stable-field-name="cardNumber" and @inputmode="numeric" and @aria-label="Credit or debit card number" and @placeholder="Card number" and @aria-invalid="false" and @tabindex="0" and @value=""]' not visible after 1 minute.</msg>
<arg>${CARD_NUMBER_PATH}</arg>
<arg>60s</arg>
<doc>Waits until the element ``locator`` is visible.</doc>
<status status="FAIL" start="2024-04-25T18:33:19.044484" elapsed="60.282848">Element 'xpath://input[@class="InputElement is-empty Input Input--empty" and @autocomplete="cc-number" and @autocorrect="off" and @spellcheck="false" and @type="text" and @name="cardnumber" and @data-elements-stable-field-name="cardNumber" and @inputmode="numeric" and @aria-label="Credit or debit card number" and @placeholder="Card number" and @aria-invalid="false" and @tabindex="0" and @value=""]' not visible after 1 minute.</status>
</kw>
<kw name="Input Text" owner="SeleniumLibrary">
<arg>${CARD_NUMBER_PATH}</arg>
<arg>${CARD_NUMBER}</arg>
<doc>Types the given ``text`` into the text field identified by ``locator``.</doc>
<status status="NOT RUN" start="2024-04-25T18:34:19.327917" elapsed="0.000443"/>
</kw>
<kw name="Input Text" owner="SeleniumLibrary">
<arg>${NAME_ON_CARD_PATH}</arg>
<arg>${NAME_ON_CARD}</arg>
<doc>Types the given ``text`` into the text field identified by ``locator``.</doc>
<status status="NOT RUN" start="2024-04-25T18:34:19.328956" elapsed="0.000103"/>
</kw>
<status status="FAIL" start="2024-04-25T18:32:27.134151" elapsed="112.195227">Element 'xpath://input[@class="InputElement is-empty Input Input--empty" and @autocomplete="cc-number" and @autocorrect="off" and @spellcheck="false" and @type="text" and @name="cardnumber" and @data-elements-stable-field-name="cardNumber" and @inputmode="numeric" and @aria-label="Credit or debit card number" and @placeholder="Card number" and @aria-invalid="false" and @tabindex="0" and @value=""]' not visible after 1 minute.</status>
</kw>
<tag>TC-PATIENT-003</tag>
<status status="FAIL" start="2024-04-25T18:32:22.127852" elapsed="117.202222">Element 'xpath://input[@class="InputElement is-empty Input Input--empty" and @autocomplete="cc-number" and @autocorrect="off" and @spellcheck="false" and @type="text" and @name="cardnumber" and @data-elements-stable-field-name="cardNumber" and @inputmode="numeric" and @aria-label="Credit or debit card number" and @placeholder="Card number" and @aria-invalid="false" and @tabindex="0" and @value=""]' not visible after 1 minute.</status>
</test>
<status status="FAIL" start="2024-04-25T18:31:44.140680" elapsed="155.191155"/>
</suite>
<statistics>
<total>
<stat pass="0" fail="1" skip="0">All Tests</stat>
</total>
<tag>
<stat pass="0" fail="1" skip="0">TC-PATIENT-003</stat>
</tag>
<suite>
<stat pass="0" fail="1" skip="0" id="s1" name="lumate2Test">lumate2Test</stat>
</suite>
</statistics>
<errors>
</errors>
</robot>
